<?xml version="1.0" encoding="UTF-8"?>
<testng-results ignored="0" total="3" passed="3" failed="0" skipped="0">
  <reporter-output>
  </reporter-output>
  <suite started-at="2022-12-06T11:34:19 IST" name="Default suite" finished-at="2022-12-06T11:34:46 IST" duration-ms="26536">
    <groups>
    </groups>
    <test started-at="2022-12-06T11:34:19 IST" name="Default test" finished-at="2022-12-06T11:34:46 IST" duration-ms="26536">
      <class name="excelTestNG.DataProviderUse2">
        <test-method signature="loginValidation(java.lang.String,java.lang.String)[pri:0, instance:excelTestNG.DataProviderUse2@59505b48]" started-at="2022-12-06T11:34:20 IST" name="loginValidation" data-provider="login" finished-at="2022-12-06T11:34:31 IST" duration-ms="10999" status="PASS">
          <params>
            <param index="0">
              <value>
                <![CDATA[UserName]]>
              </value>
            </param>
            <param index="1">
              <value>
                <![CDATA[Password]]>
              </value>
            </param>
          </params>
          <reporter-output>
          </reporter-output>
        </test-method> <!-- loginValidation -->
        <test-method signature="loginValidation(java.lang.String,java.lang.String)[pri:0, instance:excelTestNG.DataProviderUse2@59505b48]" started-at="2022-12-06T11:34:31 IST" name="loginValidation" data-provider="login" finished-at="2022-12-06T11:34:35 IST" duration-ms="4315" status="PASS">
          <params>
            <param index="0">
              <value>
                <![CDATA[Admin]]>
              </value>
            </param>
            <param index="1">
              <value>
                <![CDATA[admin123]]>
              </value>
            </param>
          </params>
          <reporter-output>
          </reporter-output>
        </test-method> <!-- loginValidation -->
        <test-method signature="loginValidation(java.lang.String,java.lang.String)[pri:0, instance:excelTestNG.DataProviderUse2@59505b48]" started-at="2022-12-06T11:34:35 IST" name="loginValidation" data-provider="login" finished-at="2022-12-06T11:34:46 IST" duration-ms="10346" status="PASS">
          <params>
            <param index="0">
              <value>
                <![CDATA[admin123]]>
              </value>
            </param>
            <param index="1">
              <value>
                <![CDATA[admin]]>
              </value>
            </param>
          </params>
          <reporter-output>
          </reporter-output>
        </test-method> <!-- loginValidation -->
      </class> <!-- excelTestNG.DataProviderUse2 -->
    </test> <!-- Default test -->
  </suite> <!-- Default suite -->
</testng-results>
