<?xml version="1.0" encoding="UTF-8"?>
<!-- Generated by org.testng.reporters.JUnitXMLReporter -->
<testsuite ignored="0" hostname="DESKTOP-OLM3RMB" failures="0" tests="3" name="Default test" time="26.536" errors="0" timestamp="2022-12-06T11:34:46 IST">
  <testcase classname="excelTestNG.DataProviderUse2" name="loginValidation" time="10.999"/>
  <testcase classname="excelTestNG.DataProviderUse2" name="loginValidation" time="4.315"/>
  <testcase classname="excelTestNG.DataProviderUse2" name="loginValidation" time="10.346"/>
</testsuite> <!-- Default test -->
